<?xml version="1.0" encoding="UTF-8"?>
<!-- Generated by org.testng.reporters.JUnitXMLReporter -->
<testsuite hostname="ASUS-VIVOBOOK" ignored="0" name="Command line test" tests="6" failures="0" timestamp="2020-08-19T19:16:35 IST" time="0.037" errors="0">
  <testcase name="IOS" time="0.004" classname="mavenProjectTest.mavenProj.AppiumTest"/>
  <testcase name="android" time="0.0" classname="mavenProjectTest.mavenProj.AppiumTest"/>
  <testcase name="get" time="0.0" classname="mavenProjectTest.mavenProj.RestAPITest"/>
  <testcase name="post" time="0.0" classname="mavenProjectTest.mavenProj.RestAPITest"/>
  <testcase name="element" time="0.0" classname="mavenProjectTest.mavenProj.SeleniumTest"/>
  <testcase name="webTable" time="0.0" classname="mavenProjectTest.mavenProj.SeleniumTest"/>
</testsuite> <!-- Command line test -->
