<?xml version="1.0" encoding="UTF-8"?>
<!-- Generated by org.testng.reporters.JUnitXMLReporter -->
<testsuite hostname="ASUS-VIVOBOOK" ignored="0" name="Test" tests="4" failures="0" timestamp="2020-08-19T19:17:31 IST" time="0.036" errors="0">
  <testcase name="element" time="0.003" classname="mavenProjectTest.mavenProj.SeleniumTest"/>
  <testcase name="webTable" time="0.0" classname="mavenProjectTest.mavenProj.SeleniumTest"/>
  <testcase name="get" time="0.001" classname="mavenProjectTest.mavenProj.RestAPITest"/>
  <testcase name="post" time="0.0" classname="mavenProjectTest.mavenProj.RestAPITest"/>
</testsuite> <!-- Test -->
